[debug] [2020-11-04T11:43:17.015Z] ----------------------------------------------------------------------
[debug] [2020-11-04T11:43:17.017Z] Command:       /usr/local/bin/node /usr/local/bin/firebase deploy --project barceloneating
[debug] [2020-11-04T11:43:17.018Z] CLI Version:   8.14.1
[debug] [2020-11-04T11:43:17.018Z] Platform:      darwin
[debug] [2020-11-04T11:43:17.018Z] Node Version:  v12.18.4
[debug] [2020-11-04T11:43:17.019Z] Time:          Wed Nov 04 2020 12:43:17 GMT+0100 (GMT+01:00)
[debug] [2020-11-04T11:43:17.019Z] ----------------------------------------------------------------------
[debug] [2020-11-04T11:43:17.020Z] 
[debug] [2020-11-04T11:43:17.025Z] > command requires scopes: ["email","openid","https://www.googleapis.com/auth/cloudplatformprojects.readonly","https://www.googleapis.com/auth/firebase","https://www.googleapis.com/auth/cloud-platform"]
[debug] [2020-11-04T11:43:17.026Z] > authorizing via signed-in user
[debug] [2020-11-04T11:43:17.026Z] [iam] checking project barceloneating for permissions ["firebase.projects.get","firebasehosting.sites.update"]
[debug] [2020-11-04T11:43:17.028Z] >>> HTTP REQUEST POST https://cloudresourcemanager.googleapis.com/v1/projects/barceloneating:testIamPermissions  
 {"permissions":["firebase.projects.get","firebasehosting.sites.update"]}
[debug] [2020-11-04T11:43:18.003Z] <<< HTTP RESPONSE 200 {"content-type":"application/json; charset=UTF-8","vary":"X-Origin, Referer, Origin,Accept-Encoding","date":"Wed, 04 Nov 2020 11:43:17 GMT","server":"ESF","cache-control":"private","x-xss-protection":"0","x-frame-options":"SAMEORIGIN","x-content-type-options":"nosniff","server-timing":"gfet4t7; dur=836","alt-svc":"h3-Q050=\":443\"; ma=2592000,h3-29=\":443\"; ma=2592000,h3-T051=\":443\"; ma=2592000,h3-T050=\":443\"; ma=2592000,h3-Q046=\":443\"; ma=2592000,h3-Q043=\":443\"; ma=2592000,quic=\":443\"; ma=2592000; v=\"46,43\"","accept-ranges":"none","transfer-encoding":"chunked"}
[debug] [2020-11-04T11:43:18.005Z] [iam] error while checking permissions, command may fail: FirebaseError: Authorization failed. This account is missing the following required permissions on project barceloneating:

  firebase.projects.get
  firebasehosting.sites.update
[debug] [2020-11-04T11:43:18.008Z] >>> HTTP REQUEST GET https://firebase.googleapis.com/v1beta1/projects/barceloneating  
 
[debug] [2020-11-04T11:43:18.262Z] <<< HTTP RESPONSE 403 {"vary":"X-Origin, Referer, Origin,Accept-Encoding","content-type":"application/json; charset=UTF-8","date":"Wed, 04 Nov 2020 11:43:18 GMT","server":"ESF","cache-control":"private","x-xss-protection":"0","x-frame-options":"SAMEORIGIN","x-content-type-options":"nosniff","alt-svc":"h3-Q050=\":443\"; ma=2592000,h3-29=\":443\"; ma=2592000,h3-T051=\":443\"; ma=2592000,h3-T050=\":443\"; ma=2592000,h3-Q046=\":443\"; ma=2592000,h3-Q043=\":443\"; ma=2592000,quic=\":443\"; ma=2592000; v=\"46,43\"","accept-ranges":"none","transfer-encoding":"chunked"}
[debug] [2020-11-04T11:43:18.263Z] <<< HTTP RESPONSE BODY {"error":{"code":403,"message":"The caller does not have permission","status":"PERMISSION_DENIED"}}
[debug] [2020-11-04T11:43:18.265Z] HTTP Error: 403, The caller does not have permission
[debug] [2020-11-04T11:43:18.364Z] FirebaseError: HTTP Error: 403, The caller does not have permission
    at module.exports (/usr/local/lib/node_modules/firebase-tools/lib/responseToError.js:38:12)
    at Request._callback (/usr/local/lib/node_modules/firebase-tools/lib/api.js:41:35)
    at Request.self.callback (/usr/local/lib/node_modules/firebase-tools/node_modules/request/request.js:185:22)
    at Request.emit (events.js:315:20)
    at Request.EventEmitter.emit (domain.js:483:12)
    at Request.<anonymous> (/usr/local/lib/node_modules/firebase-tools/node_modules/request/request.js:1154:10)
    at Request.emit (events.js:315:20)
    at Request.EventEmitter.emit (domain.js:483:12)
    at IncomingMessage.<anonymous> (/usr/local/lib/node_modules/firebase-tools/node_modules/request/request.js:1076:12)
    at Object.onceWrapper (events.js:421:28)
    at IncomingMessage.emit (events.js:327:22)
    at IncomingMessage.EventEmitter.emit (domain.js:483:12)
    at endReadableNT (_stream_readable.js:1220:12)
    at processTicksAndRejections (internal/process/task_queues.js:84:21)
[error] 
[error] Error: Failed to get Firebase project barceloneating. Please make sure the project exists and your account has permission to access it.
